Determining if the pthread_create exist failed with the following output:
Change Dir: /home/karan-vm/catkin_ws/src/sim_drone/build/CMakeFiles/CMakeTmp

Run Build Command:"/usr/bin/ninja" "cmTC_0431f"
[1/2] Building C object CMakeFiles/cmTC_0431f.dir/CheckSymbolExists.c.o
[2/2] Linking C executable cmTC_0431f
FAILED: cmTC_0431f 
: && /usr/bin/x86_64-linux-gnu-gcc-7   -rdynamic CMakeFiles/cmTC_0431f.dir/CheckSymbolExists.c.o  -o cmTC_0431f   && :
CMakeFiles/cmTC_0431f.dir/CheckSymbolExists.c.o: In function `main':
CheckSymbolExists.c:(.text+0x1b): undefined reference to `pthread_create'
collect2: error: ld returned 1 exit status
ninja: build stopped: subcommand failed.

File /home/karan-vm/catkin_ws/src/sim_drone/build/CMakeFiles/CMakeTmp/CheckSymbolExists.c:
/* */
#include <pthread.h>

int main(int argc, char** argv)
{
  (void)argv;
#ifndef pthread_create
  return ((int*)(&pthread_create))[argc];
#else
  (void)argc;
  return 0;
#endif
}

Determining if the function pthread_create exists in the pthreads failed with the following output:
Change Dir: /home/karan-vm/catkin_ws/src/sim_drone/build/CMakeFiles/CMakeTmp

Run Build Command:"/usr/bin/ninja" "cmTC_3a085"
[1/2] Building C object CMakeFiles/cmTC_3a085.dir/CheckFunctionExists.c.o
[2/2] Linking C executable cmTC_3a085
FAILED: cmTC_3a085 
: && /usr/bin/x86_64-linux-gnu-gcc-7 -DCHECK_FUNCTION_EXISTS=pthread_create  -rdynamic CMakeFiles/cmTC_3a085.dir/CheckFunctionExists.c.o  -o cmTC_3a085  -lpthreads && :
/usr/bin/ld: cannot find -lpthreads
collect2: error: ld returned 1 exit status
ninja: build stopped: subcommand failed.


